#! /usr/bin/vvp
:ivl_version "10.3 (stable)";
:ivl_delay_selection "TYPICAL";
:vpi_time_precision + 0;
:vpi_module "system";
:vpi_module "vhdl_sys";
:vpi_module "v2005_math";
:vpi_module "va_math";
S_0x564239c0a170 .scope module, "adderTb" "adderTb" 2 29;
 .timescale 0 0;
    .port_info 0 /INPUT 1 "CLK"
    .port_info 1 /INPUT 1 "RST_N"
o0x7f4d56e0d018 .functor BUFZ 1, C4<z>; HiZ drive
v0x564239c3e1e0_0 .net "CLK", 0 0, o0x7f4d56e0d018;  0 drivers
o0x7f4d56e0d078 .functor BUFZ 1, C4<z>; HiZ drive
v0x564239c3e2a0_0 .net "RST_N", 0 0, o0x7f4d56e0d078;  0 drivers
v0x564239c3e340_0 .net "ifc$sum", 31 0, L_0x564239c3e810;  1 drivers
L_0x7f4d56dc4060 .functor BUFT 1, C4<00000000000000000000000000000010>, C4<0>, C4<0>, C4<0>;
v0x564239c3e410_0 .net "ifc$sum_x", 31 0, L_0x7f4d56dc4060;  1 drivers
L_0x7f4d56dc40a8 .functor BUFT 1, C4<00000000000000000000000000000011>, C4<0>, C4<0>, C4<0>;
v0x564239c3e4e0_0 .net "ifc$sum_y", 31 0, L_0x7f4d56dc40a8;  1 drivers
L_0x7f4d56dc40f0 .functor BUFT 1, C4<00000000000000000000000000000100>, C4<0>, C4<0>, C4<0>;
v0x564239c3e5d0_0 .net "ifc$sum_z", 31 0, L_0x7f4d56dc40f0;  1 drivers
E_0x564239c2a4e0 .event negedge, v0x564239c2c360_0;
S_0x564239c2c0e0 .scope module, "ifc" "mkIfcIns" 2 38, 3 35 0, S_0x564239c0a170;
 .timescale 0 0;
    .port_info 0 /INPUT 1 "CLK"
    .port_info 1 /INPUT 1 "RST_N"
    .port_info 2 /INPUT 32 "sum_x"
    .port_info 3 /INPUT 32 "sum_y"
    .port_info 4 /INPUT 32 "sum_z"
    .port_info 5 /OUTPUT 32 "sum"
    .port_info 6 /OUTPUT 1 "RDY_sum"
v0x564239c2c360_0 .net "CLK", 0 0, o0x7f4d56e0d018;  alias, 0 drivers
L_0x7f4d56dc4018 .functor BUFT 1, C4<1>, C4<0>, C4<0>, C4<0>;
v0x564239c3daf0_0 .net "RDY_sum", 0 0, L_0x7f4d56dc4018;  1 drivers
v0x564239c3dbb0_0 .net "RST_N", 0 0, o0x7f4d56e0d078;  alias, 0 drivers
v0x564239c3dc50_0 .net *"_s0", 31 0, L_0x564239c3e6a0;  1 drivers
v0x564239c3dd30_0 .net "sum", 31 0, L_0x564239c3e810;  alias, 1 drivers
v0x564239c3de60_0 .net "sum_x", 31 0, L_0x7f4d56dc4060;  alias, 1 drivers
v0x564239c3df40_0 .net "sum_y", 31 0, L_0x7f4d56dc40a8;  alias, 1 drivers
v0x564239c3e020_0 .net "sum_z", 31 0, L_0x7f4d56dc40f0;  alias, 1 drivers
L_0x564239c3e6a0 .arith/sum 32, L_0x7f4d56dc4060, L_0x7f4d56dc40a8;
L_0x564239c3e810 .arith/sum 32, L_0x564239c3e6a0, L_0x7f4d56dc40f0;
    .scope S_0x564239c0a170;
T_0 ;
    %wait E_0x564239c2a4e0;
    %delay 0, 0;
    %load/vec4 v0x564239c3e340_0;
    %vpi_call 2 57 "$display", "Answer is %d", S<0,vec4,s32> {1 0 0};
    %vpi_call 2 58 "$finish", 32'b00000000000000000000000000000000 {0 0 0};
    %jmp T_0;
    .thread T_0;
# The file index is used to find the file name in the following table.
:file_names 4;
    "N/A";
    "<interactive>";
    "adderTb.v";
    "mkIfcIns.v";
