#! /usr/bin/vvp
:ivl_version "10.3 (stable)";
:ivl_delay_selection "TYPICAL";
:vpi_time_precision + 0;
:vpi_module "system";
:vpi_module "vhdl_sys";
:vpi_module "v2005_math";
:vpi_module "va_math";
S_0x55e9bb390160 .scope module, "sim" "sim" 2 1;
 .timescale 0 0;
v0x55e9bb3d5d80_0 .var "clk", 0 0;
v0x55e9bb3d5e20_0 .var "count", 31 0;
v0x55e9bb3d5ee0_0 .var "rst", 0 0;
S_0x55e9bb3c6de0 .scope module, "t" "mkTb" 2 20, 3 29 0, S_0x55e9bb390160;
 .timescale 0 0;
    .port_info 0 /INPUT 1 "CLK"
    .port_info 1 /INPUT 1 "RST_N"
v0x55e9bb3c6fb0_0 .net "CLK", 0 0, v0x55e9bb3d5d80_0;  1 drivers
v0x55e9bb3d5c60_0 .net "RST_N", 0 0, v0x55e9bb3d5ee0_0;  1 drivers
E_0x55e9bb390770 .event negedge, v0x55e9bb3c6fb0_0;
    .scope S_0x55e9bb3c6de0;
T_0 ;
    %wait E_0x55e9bb390770;
    %delay 0, 0;
    %vpi_call 3 40 "$display", "Hello world" {0 0 0};
    %vpi_call 3 41 "$finish", 32'b00000000000000000000000000000000 {0 0 0};
    %jmp T_0;
    .thread T_0;
    .scope S_0x55e9bb390160;
T_1 ;
    %pushi/vec4 0, 0, 1;
    %store/vec4 v0x55e9bb3d5d80_0, 0, 1;
    %pushi/vec4 1, 0, 1;
    %store/vec4 v0x55e9bb3d5ee0_0, 0, 1;
    %pushi/vec4 0, 0, 32;
    %store/vec4 v0x55e9bb3d5e20_0, 0, 32;
    %end;
    .thread T_1;
    .scope S_0x55e9bb390160;
T_2 ;
    %delay 1, 0;
    %load/vec4 v0x55e9bb3d5d80_0;
    %nor/r;
    %store/vec4 v0x55e9bb3d5d80_0, 0, 1;
    %jmp T_2;
    .thread T_2;
    .scope S_0x55e9bb390160;
T_3 ;
    %delay 1, 0;
    %pushi/vec4 1, 0, 32;
    %load/vec4 v0x55e9bb3d5e20_0;
    %add;
    %store/vec4 v0x55e9bb3d5e20_0, 0, 32;
    %jmp T_3;
    .thread T_3;
    .scope S_0x55e9bb390160;
T_4 ;
    %delay 2, 0;
    %pushi/vec4 20, 0, 32;
    %load/vec4 v0x55e9bb3d5e20_0;
    %cmp/u;
    %flag_or 5, 4;
    %jmp/0xz  T_4.0, 5;
    %pushi/vec4 0, 0, 1;
    %store/vec4 v0x55e9bb3d5ee0_0, 0, 1;
T_4.0 ;
    %vpi_call 2 17 "$finish" {0 0 0};
    %jmp T_4;
    .thread T_4;
# The file index is used to find the file name in the following table.
:file_names 4;
    "N/A";
    "<interactive>";
    "sim.v";
    "mkTb.v";
