#! /usr/bin/vvp
:ivl_version "10.3 (stable)";
:ivl_delay_selection "TYPICAL";
:vpi_time_precision + 0;
:vpi_module "system";
:vpi_module "vhdl_sys";
:vpi_module "v2005_math";
:vpi_module "va_math";
S_0x5560843c9450 .scope module, "sim" "sim" 2 1;
 .timescale 0 0;
v0x556084400ab0_0 .var "clk", 0 0;
v0x556084400b50_0 .var "count", 31 0;
v0x556084400c30_0 .var "rst", 0 0;
S_0x5560843c9df0 .scope module, "t" "validbitsTb" 2 20, 3 29 0, S_0x5560843c9450;
 .timescale 0 0;
    .port_info 0 /INPUT 1 "CLK"
    .port_info 1 /INPUT 1 "RST_N"
L_0x556084411590 .functor BUFZ 32, v0x556084400830_0, C4<00000000000000000000000000000000>, C4<00000000000000000000000000000000>, C4<00000000000000000000000000000000>;
v0x556084400380_0 .net "CLK", 0 0, v0x556084400ab0_0;  1 drivers
v0x556084400440_0 .net "RST_N", 0 0, v0x556084400c30_0;  1 drivers
L_0x7fede3c30330 .functor BUFT 1, C4<00000000000000000000000000010000>, C4<0>, C4<0>, C4<0>;
v0x5560844004e0_0 .net/2u *"_s0", 31 0, L_0x7fede3c30330;  1 drivers
L_0x7fede3c303c0 .functor BUFT 1, C4<1>, C4<0>, C4<0>, C4<0>;
v0x556084400580_0 .net "pipe$EN__write", 0 0, L_0x7fede3c303c0;  1 drivers
v0x556084400620_0 .net "pipe$RDY__read", 0 0, L_0x556084400d70;  1 drivers
v0x5560844006c0_0 .net "pipe$_read", 31 0, L_0x5560843c2b00;  1 drivers
v0x556084400760_0 .net "pipe$_write_1", 31 0, L_0x556084411590;  1 drivers
v0x556084400830_0 .var "x", 31 0;
v0x5560844008d0_0 .net "x$D_IN", 31 0, L_0x556084411a20;  1 drivers
L_0x7fede3c30378 .functor BUFT 1, C4<1>, C4<0>, C4<0>, C4<0>;
v0x556084400990_0 .net "x$EN", 0 0, L_0x7fede3c30378;  1 drivers
L_0x556084411a20 .arith/sum 32, v0x556084400830_0, L_0x7fede3c30330;
S_0x5560843c02f0 .scope module, "pipe" "mkPipe" 3 44, 4 34 0, S_0x5560843c9df0;
 .timescale 0 0;
    .port_info 0 /INPUT 1 "CLK"
    .port_info 1 /INPUT 1 "RST_N"
    .port_info 2 /INPUT 32 "_write_1"
    .port_info 3 /INPUT 1 "EN__write"
    .port_info 4 /OUTPUT 1 "RDY__write"
    .port_info 5 /OUTPUT 32 "_read"
    .port_info 6 /OUTPUT 1 "RDY__read"
L_0x5560843c2b00 .functor BUFZ 32, v0x5560843ffe10_0, C4<00000000000000000000000000000000>, C4<00000000000000000000000000000000>, C4<00000000000000000000000000000000>;
L_0x556084400d70 .functor BUFZ 1, v0x5560843ff450_0, C4<0>, C4<0>, C4<0>;
L_0x556084400e80 .functor BUFZ 1, L_0x7fede3c303c0, C4<0>, C4<0>, C4<0>;
L_0x556084400f70 .functor BUFZ 1, v0x5560843fed90_0, C4<0>, C4<0>, C4<0>;
L_0x5560844010a0 .functor BUFZ 1, v0x5560843fefd0_0, C4<0>, C4<0>, C4<0>;
L_0x5560844011a0 .functor BUFZ 1, v0x5560843ff210_0, C4<0>, C4<0>, C4<0>;
L_0x556084401300 .functor BUFZ 32, L_0x556084411590, C4<00000000000000000000000000000000>, C4<00000000000000000000000000000000>, C4<00000000000000000000000000000000>;
L_0x5560844013c0 .functor BUFZ 1, L_0x7fede3c303c0, C4<0>, C4<0>, C4<0>;
v0x5560843caa60_0 .net "CLK", 0 0, v0x556084400ab0_0;  alias, 1 drivers
v0x5560843cbb20_0 .net "EN__write", 0 0, L_0x7fede3c303c0;  alias, 1 drivers
v0x5560843fe6c0_0 .net "RDY__read", 0 0, L_0x556084400d70;  alias, 1 drivers
L_0x7fede3c30018 .functor BUFT 1, C4<1>, C4<0>, C4<0>, C4<0>;
v0x5560843fe760_0 .net "RDY__write", 0 0, L_0x7fede3c30018;  1 drivers
v0x5560843fe820_0 .net "RST_N", 0 0, v0x556084400c30_0;  alias, 1 drivers
v0x5560843fe930_0 .net "_read", 31 0, L_0x5560843c2b00;  alias, 1 drivers
L_0x7fede3c30180 .functor BUFT 1, C4<00000000000000000000000000000001>, C4<0>, C4<0>, C4<0>;
v0x5560843fea10_0 .net/2u *"_s26", 31 0, L_0x7fede3c30180;  1 drivers
L_0x7fede3c30210 .functor BUFT 1, C4<00000000000000000000000000000001>, C4<0>, C4<0>, C4<0>;
v0x5560843feaf0_0 .net/2u *"_s32", 31 0, L_0x7fede3c30210;  1 drivers
L_0x7fede3c302a0 .functor BUFT 1, C4<00000000000000000000000000000001>, C4<0>, C4<0>, C4<0>;
v0x5560843febd0_0 .net/2u *"_s38", 31 0, L_0x7fede3c302a0;  1 drivers
v0x5560843fecb0_0 .net "_write_1", 31 0, L_0x556084411590;  alias, 1 drivers
v0x5560843fed90_0 .var "valid1", 0 0;
L_0x7fede3c30060 .functor BUFT 1, C4<1>, C4<0>, C4<0>, C4<0>;
v0x5560843fee50_0 .net "valid1$D_IN", 0 0, L_0x7fede3c30060;  1 drivers
v0x5560843fef10_0 .net "valid1$EN", 0 0, L_0x556084400e80;  1 drivers
v0x5560843fefd0_0 .var "valid2", 0 0;
v0x5560843ff090_0 .net "valid2$D_IN", 0 0, L_0x556084400f70;  1 drivers
L_0x7fede3c300a8 .functor BUFT 1, C4<1>, C4<0>, C4<0>, C4<0>;
v0x5560843ff150_0 .net "valid2$EN", 0 0, L_0x7fede3c300a8;  1 drivers
v0x5560843ff210_0 .var "valid3", 0 0;
v0x5560843ff2d0_0 .net "valid3$D_IN", 0 0, L_0x5560844010a0;  1 drivers
L_0x7fede3c300f0 .functor BUFT 1, C4<1>, C4<0>, C4<0>, C4<0>;
v0x5560843ff390_0 .net "valid3$EN", 0 0, L_0x7fede3c300f0;  1 drivers
v0x5560843ff450_0 .var "valid4", 0 0;
v0x5560843ff510_0 .net "valid4$D_IN", 0 0, L_0x5560844011a0;  1 drivers
L_0x7fede3c30138 .functor BUFT 1, C4<1>, C4<0>, C4<0>, C4<0>;
v0x5560843ff5d0_0 .net "valid4$EN", 0 0, L_0x7fede3c30138;  1 drivers
v0x5560843ff690_0 .var "x1", 31 0;
v0x5560843ff770_0 .net "x1$D_IN", 31 0, L_0x556084401300;  1 drivers
v0x5560843ff850_0 .net "x1$EN", 0 0, L_0x5560844013c0;  1 drivers
v0x5560843ff910_0 .var "x2", 31 0;
v0x5560843ff9f0_0 .net "x2$D_IN", 31 0, L_0x5560844114f0;  1 drivers
L_0x7fede3c301c8 .functor BUFT 1, C4<1>, C4<0>, C4<0>, C4<0>;
v0x5560843ffad0_0 .net "x2$EN", 0 0, L_0x7fede3c301c8;  1 drivers
v0x5560843ffb90_0 .var "x3", 31 0;
v0x5560843ffc70_0 .net "x3$D_IN", 31 0, L_0x5560844116e0;  1 drivers
L_0x7fede3c30258 .functor BUFT 1, C4<1>, C4<0>, C4<0>, C4<0>;
v0x5560843ffd50_0 .net "x3$EN", 0 0, L_0x7fede3c30258;  1 drivers
v0x5560843ffe10_0 .var "x4", 31 0;
v0x5560843ffef0_0 .net "x4$D_IN", 31 0, L_0x5560844118f0;  1 drivers
L_0x7fede3c302e8 .functor BUFT 1, C4<1>, C4<0>, C4<0>, C4<0>;
v0x5560844001e0_0 .net "x4$EN", 0 0, L_0x7fede3c302e8;  1 drivers
E_0x5560843d6c70 .event negedge, v0x5560843caa60_0;
E_0x5560843d33a0 .event posedge, v0x5560843caa60_0;
L_0x5560844114f0 .arith/sum 32, v0x5560843ff690_0, L_0x7fede3c30180;
L_0x5560844116e0 .arith/sum 32, v0x5560843ff910_0, L_0x7fede3c30210;
L_0x5560844118f0 .arith/sum 32, v0x5560843ffb90_0, L_0x7fede3c302a0;
    .scope S_0x5560843c02f0;
T_0 ;
    %wait E_0x5560843d33a0;
    %load/vec4 v0x5560843fe820_0;
    %cmpi/e 0, 0, 1;
    %jmp/0xz  T_0.0, 4;
    %pushi/vec4 0, 0, 1;
    %assign/vec4 v0x5560843fed90_0, 0;
    %pushi/vec4 0, 0, 1;
    %assign/vec4 v0x5560843fefd0_0, 0;
    %pushi/vec4 0, 0, 1;
    %assign/vec4 v0x5560843ff210_0, 0;
    %pushi/vec4 0, 0, 1;
    %assign/vec4 v0x5560843ff450_0, 0;
    %jmp T_0.1;
T_0.0 ;
    %load/vec4 v0x5560843fef10_0;
    %flag_set/vec4 8;
    %jmp/0xz  T_0.2, 8;
    %load/vec4 v0x5560843fee50_0;
    %assign/vec4 v0x5560843fed90_0, 0;
T_0.2 ;
    %load/vec4 v0x5560843ff150_0;
    %flag_set/vec4 8;
    %jmp/0xz  T_0.4, 8;
    %load/vec4 v0x5560843ff090_0;
    %assign/vec4 v0x5560843fefd0_0, 0;
T_0.4 ;
    %load/vec4 v0x5560843ff390_0;
    %flag_set/vec4 8;
    %jmp/0xz  T_0.6, 8;
    %load/vec4 v0x5560843ff2d0_0;
    %assign/vec4 v0x5560843ff210_0, 0;
T_0.6 ;
    %load/vec4 v0x5560843ff5d0_0;
    %flag_set/vec4 8;
    %jmp/0xz  T_0.8, 8;
    %load/vec4 v0x5560843ff510_0;
    %assign/vec4 v0x5560843ff450_0, 0;
T_0.8 ;
T_0.1 ;
    %load/vec4 v0x5560843ff850_0;
    %flag_set/vec4 8;
    %jmp/0xz  T_0.10, 8;
    %load/vec4 v0x5560843ff770_0;
    %assign/vec4 v0x5560843ff690_0, 0;
T_0.10 ;
    %load/vec4 v0x5560843ffad0_0;
    %flag_set/vec4 8;
    %jmp/0xz  T_0.12, 8;
    %load/vec4 v0x5560843ff9f0_0;
    %assign/vec4 v0x5560843ff910_0, 0;
T_0.12 ;
    %load/vec4 v0x5560843ffd50_0;
    %flag_set/vec4 8;
    %jmp/0xz  T_0.14, 8;
    %load/vec4 v0x5560843ffc70_0;
    %assign/vec4 v0x5560843ffb90_0, 0;
T_0.14 ;
    %load/vec4 v0x5560844001e0_0;
    %flag_set/vec4 8;
    %jmp/0xz  T_0.16, 8;
    %load/vec4 v0x5560843ffef0_0;
    %assign/vec4 v0x5560843ffe10_0, 0;
T_0.16 ;
    %jmp T_0;
    .thread T_0;
    .scope S_0x5560843c02f0;
T_1 ;
    %pushi/vec4 0, 0, 1;
    %store/vec4 v0x5560843fed90_0, 0, 1;
    %pushi/vec4 0, 0, 1;
    %store/vec4 v0x5560843fefd0_0, 0, 1;
    %pushi/vec4 0, 0, 1;
    %store/vec4 v0x5560843ff210_0, 0, 1;
    %pushi/vec4 0, 0, 1;
    %store/vec4 v0x5560843ff450_0, 0, 1;
    %pushi/vec4 2863311530, 0, 32;
    %store/vec4 v0x5560843ff690_0, 0, 32;
    %pushi/vec4 2863311530, 0, 32;
    %store/vec4 v0x5560843ff910_0, 0, 32;
    %pushi/vec4 2863311530, 0, 32;
    %store/vec4 v0x5560843ffb90_0, 0, 32;
    %pushi/vec4 2863311530, 0, 32;
    %store/vec4 v0x5560843ffe10_0, 0, 32;
    %end;
    .thread T_1;
    .scope S_0x5560843c02f0;
T_2 ;
    %wait E_0x5560843d6c70;
    %delay 0, 0;
    %load/vec4 v0x5560843fe820_0;
    %cmpi/ne 0, 0, 1;
    %jmp/0xz  T_2.0, 4;
    %load/vec4 v0x5560843fed90_0;
    %flag_set/vec4 8;
    %jmp/0xz  T_2.2, 8;
    %load/vec4 v0x5560843ff690_0;
    %vpi_call 4 181 "$write", "%0h ", S<0,vec4,s32> {1 0 0};
T_2.2 ;
T_2.0 ;
    %load/vec4 v0x5560843fe820_0;
    %cmpi/ne 0, 0, 1;
    %jmp/0xz  T_2.4, 4;
    %load/vec4 v0x5560843fed90_0;
    %nor/r;
    %flag_set/vec4 8;
    %jmp/0xz  T_2.6, 8;
    %vpi_call 4 182 "$write", "Invalid " {0 0 0};
T_2.6 ;
T_2.4 ;
    %load/vec4 v0x5560843fe820_0;
    %cmpi/ne 0, 0, 1;
    %jmp/0xz  T_2.8, 4;
    %load/vec4 v0x5560843fefd0_0;
    %flag_set/vec4 8;
    %jmp/0xz  T_2.10, 8;
    %load/vec4 v0x5560843ff910_0;
    %vpi_call 4 183 "$write", "%0h ", S<0,vec4,s32> {1 0 0};
T_2.10 ;
T_2.8 ;
    %load/vec4 v0x5560843fe820_0;
    %cmpi/ne 0, 0, 1;
    %jmp/0xz  T_2.12, 4;
    %load/vec4 v0x5560843fefd0_0;
    %nor/r;
    %flag_set/vec4 8;
    %jmp/0xz  T_2.14, 8;
    %vpi_call 4 184 "$write", "Invalid " {0 0 0};
T_2.14 ;
T_2.12 ;
    %load/vec4 v0x5560843fe820_0;
    %cmpi/ne 0, 0, 1;
    %jmp/0xz  T_2.16, 4;
    %load/vec4 v0x5560843ff210_0;
    %flag_set/vec4 8;
    %jmp/0xz  T_2.18, 8;
    %load/vec4 v0x5560843ffb90_0;
    %vpi_call 4 185 "$write", "%0h ", S<0,vec4,s32> {1 0 0};
T_2.18 ;
T_2.16 ;
    %load/vec4 v0x5560843fe820_0;
    %cmpi/ne 0, 0, 1;
    %jmp/0xz  T_2.20, 4;
    %load/vec4 v0x5560843ff210_0;
    %nor/r;
    %flag_set/vec4 8;
    %jmp/0xz  T_2.22, 8;
    %vpi_call 4 186 "$write", "Invalid " {0 0 0};
T_2.22 ;
T_2.20 ;
    %load/vec4 v0x5560843fe820_0;
    %cmpi/ne 0, 0, 1;
    %jmp/0xz  T_2.24, 4;
    %load/vec4 v0x5560843ff450_0;
    %flag_set/vec4 8;
    %jmp/0xz  T_2.26, 8;
    %load/vec4 v0x5560843ffe10_0;
    %vpi_call 4 187 "$write", "%0h ", S<0,vec4,s32> {1 0 0};
T_2.26 ;
T_2.24 ;
    %load/vec4 v0x5560843fe820_0;
    %cmpi/ne 0, 0, 1;
    %jmp/0xz  T_2.28, 4;
    %load/vec4 v0x5560843ff450_0;
    %nor/r;
    %flag_set/vec4 8;
    %jmp/0xz  T_2.30, 8;
    %vpi_call 4 188 "$write", "Invalid " {0 0 0};
T_2.30 ;
T_2.28 ;
    %load/vec4 v0x5560843fe820_0;
    %cmpi/ne 0, 0, 1;
    %jmp/0xz  T_2.32, 4;
    %vpi_call 4 189 "$display", "\000" {0 0 0};
T_2.32 ;
    %jmp T_2;
    .thread T_2;
    .scope S_0x5560843c9df0;
T_3 ;
    %wait E_0x5560843d33a0;
    %load/vec4 v0x556084400440_0;
    %cmpi/e 0, 0, 1;
    %jmp/0xz  T_3.0, 4;
    %pushi/vec4 16, 0, 32;
    %assign/vec4 v0x556084400830_0, 0;
    %jmp T_3.1;
T_3.0 ;
    %load/vec4 v0x556084400990_0;
    %flag_set/vec4 8;
    %jmp/0xz  T_3.2, 8;
    %load/vec4 v0x5560844008d0_0;
    %assign/vec4 v0x556084400830_0, 0;
T_3.2 ;
T_3.1 ;
    %jmp T_3;
    .thread T_3;
    .scope S_0x5560843c9df0;
T_4 ;
    %pushi/vec4 2863311530, 0, 32;
    %store/vec4 v0x556084400830_0, 0, 32;
    %end;
    .thread T_4;
    .scope S_0x5560843c9df0;
T_5 ;
    %wait E_0x5560843d6c70;
    %delay 0, 0;
    %load/vec4 v0x556084400440_0;
    %cmpi/ne 0, 0, 1;
    %jmp/0xz  T_5.0, 4;
    %load/vec4 v0x556084400620_0;
    %flag_set/vec4 8;
    %jmp/0xz  T_5.2, 8;
    %load/vec4 v0x5560844006c0_0;
    %vpi_call 3 91 "$display", "y = %0h", S<0,vec4,s32> {1 0 0};
T_5.2 ;
T_5.0 ;
    %load/vec4 v0x556084400440_0;
    %cmpi/ne 0, 0, 1;
    %jmp/0xz  T_5.4, 4;
    %load/vec4 v0x556084400620_0;
    %pushi/vec4 2147483776, 0, 32;
    %load/vec4 v0x5560844006c0_0;
    %pushi/vec4 2147483648, 0, 32;
    %xor;
    %cmp/u;
    %flag_get/vec4 5;
    %and;
    %flag_set/vec4 8;
    %jmp/0xz  T_5.6, 8;
    %vpi_call 3 94 "$finish", 32'b00000000000000000000000000000001 {0 0 0};
T_5.6 ;
T_5.4 ;
    %jmp T_5;
    .thread T_5;
    .scope S_0x5560843c9450;
T_6 ;
    %pushi/vec4 0, 0, 1;
    %store/vec4 v0x556084400ab0_0, 0, 1;
    %pushi/vec4 0, 0, 1;
    %store/vec4 v0x556084400c30_0, 0, 1;
    %pushi/vec4 0, 0, 32;
    %store/vec4 v0x556084400b50_0, 0, 32;
    %end;
    .thread T_6;
    .scope S_0x5560843c9450;
T_7 ;
    %delay 1, 0;
    %load/vec4 v0x556084400ab0_0;
    %nor/r;
    %store/vec4 v0x556084400ab0_0, 0, 1;
    %jmp T_7;
    .thread T_7;
    .scope S_0x5560843c9450;
T_8 ;
    %delay 1, 0;
    %pushi/vec4 1, 0, 32;
    %load/vec4 v0x556084400b50_0;
    %add;
    %store/vec4 v0x556084400b50_0, 0, 32;
    %jmp T_8;
    .thread T_8;
    .scope S_0x5560843c9450;
T_9 ;
    %delay 2, 0;
    %pushi/vec4 30, 0, 32;
    %load/vec4 v0x556084400b50_0;
    %cmp/u;
    %flag_or 5, 4;
    %jmp/0xz  T_9.0, 5;
    %pushi/vec4 1, 0, 1;
    %store/vec4 v0x556084400c30_0, 0, 1;
T_9.0 ;
    %jmp T_9;
    .thread T_9;
# The file index is used to find the file name in the following table.
:file_names 5;
    "N/A";
    "<interactive>";
    "sim.v";
    "validbitsTb.v";
    "mkPipe.v";
